0 info it worked if it ends with ok
1 verbose cli [ 'node', '/usr/local/bin/npm', 'install', '-g', 'particle-cli' ]
2 info using npm@2.10.1
3 info using node@v0.12.4
4 verbose install initial load of /usr/local/lib/package.json
5 verbose readDependencies loading dependencies from /usr/local/lib/package.json
6 silly cache add args [ 'particle-cli', null ]
7 verbose cache add spec particle-cli
8 silly cache add parsed spec { raw: 'particle-cli',
8 silly cache add   scope: null,
8 silly cache add   name: 'particle-cli',
8 silly cache add   rawSpec: '',
8 silly cache add   spec: '*',
8 silly cache add   type: 'range' }
9 silly addNamed particle-cli@*
10 verbose addNamed "*" is a valid semver range for particle-cli
11 silly addNameRange { name: 'particle-cli', range: '*', hasData: false }
12 silly mapToRegistry name particle-cli
13 silly mapToRegistry using default registry
14 silly mapToRegistry registry https://registry.npmjs.org/
15 silly mapToRegistry uri https://registry.npmjs.org/particle-cli
16 verbose addNameRange registry:https://registry.npmjs.org/particle-cli not in flight; fetching
17 verbose request uri https://registry.npmjs.org/particle-cli
18 verbose request no auth needed
19 info attempt registry request try #1 at 11:50:48 AM
20 verbose request id 75fbacb8ed43f68f
21 http request GET https://registry.npmjs.org/particle-cli
22 http 200 https://registry.npmjs.org/particle-cli
23 silly get cb [ 200,
23 silly get   { server: 'CouchDB/1.5.0 (Erlang OTP/R16B03)',
23 silly get     etag: '"55AJROU1ZLC31NOAKEQ0RCSD9"',
23 silly get     'content-type': 'application/json',
23 silly get     'cache-control': 'max-age=60',
23 silly get     'content-length': '120785',
23 silly get     'accept-ranges': 'bytes',
23 silly get     date: 'Mon, 07 Dec 2015 10:50:49 GMT',
23 silly get     via: '1.1 varnish',
23 silly get     age: '0',
23 silly get     connection: 'keep-alive',
23 silly get     'x-served-by': 'cache-ams4125-AMS',
23 silly get     'x-cache': 'MISS',
23 silly get     'x-cache-hits': '0',
23 silly get     'x-timer': 'S1449485448.322748,VS0,VE686',
23 silly get     vary: 'Accept' } ]
24 verbose get saving particle-cli to /Users/annelieberner/.npm/registry.npmjs.org/particle-cli/.cache.json
25 silly addNameRange number 2 { name: 'particle-cli', range: '*', hasData: true }
26 silly addNameRange versions [ 'particle-cli',
26 silly addNameRange   [ '1.5.0',
26 silly addNameRange     '1.5.1',
26 silly addNameRange     '1.5.2',
26 silly addNameRange     '1.5.3',
26 silly addNameRange     '1.5.4',
26 silly addNameRange     '1.5.5',
26 silly addNameRange     '1.5.6',
26 silly addNameRange     '1.5.7',
26 silly addNameRange     '1.5.8',
26 silly addNameRange     '1.5.9',
26 silly addNameRange     '1.5.10',
26 silly addNameRange     '1.5.11',
26 silly addNameRange     '1.5.12',
26 silly addNameRange     '1.5.13',
26 silly addNameRange     '1.5.14',
26 silly addNameRange     '1.5.15',
26 silly addNameRange     '1.5.16',
26 silly addNameRange     '1.5.17',
26 silly addNameRange     '1.5.18',
26 silly addNameRange     '1.5.19',
26 silly addNameRange     '1.5.20',
26 silly addNameRange     '1.6.0',
26 silly addNameRange     '1.6.1',
26 silly addNameRange     '1.6.2',
26 silly addNameRange     '1.6.3',
26 silly addNameRange     '1.6.4',
26 silly addNameRange     '1.6.5',
26 silly addNameRange     '1.6.6',
26 silly addNameRange     '1.6.7',
26 silly addNameRange     '1.6.8',
26 silly addNameRange     '1.6.9',
26 silly addNameRange     '1.7.0',
26 silly addNameRange     '1.8.0',
26 silly addNameRange     '1.8.1',
26 silly addNameRange     '1.8.2',
26 silly addNameRange     '1.8.3',
26 silly addNameRange     '1.8.4',
26 silly addNameRange     '1.8.5',
26 silly addNameRange     '1.8.6',
26 silly addNameRange     '1.8.7',
26 silly addNameRange     '1.8.8',
26 silly addNameRange     '1.8.9',
26 silly addNameRange     '1.8.10',
26 silly addNameRange     '1.8.11',
26 silly addNameRange     '1.8.12',
26 silly addNameRange     '1.8.13',
26 silly addNameRange     '1.8.14',
26 silly addNameRange     '1.8.15',
26 silly addNameRange     '1.8.16' ] ]
27 silly addNamed particle-cli@1.8.16
28 verbose addNamed "1.8.16" is a plain semver version for particle-cli
29 silly mapToRegistry name particle-cli
30 silly mapToRegistry using default registry
31 silly mapToRegistry registry https://registry.npmjs.org/
32 silly mapToRegistry uri https://registry.npmjs.org/particle-cli
33 verbose addRemoteTarball https://registry.npmjs.org/particle-cli/-/particle-cli-1.8.16.tgz not in flight; adding
34 verbose addRemoteTarball [ 'https://registry.npmjs.org/particle-cli/-/particle-cli-1.8.16.tgz',
34 verbose addRemoteTarball   '3e1d0552e08d2c7de8fc45e7cb1df3e5a3cc647f' ]
35 info retry fetch attempt 1 at 11:50:49 AM
36 info attempt registry request try #1 at 11:50:49 AM
37 http fetch GET https://registry.npmjs.org/particle-cli/-/particle-cli-1.8.16.tgz
38 http fetch 200 https://registry.npmjs.org/particle-cli/-/particle-cli-1.8.16.tgz
39 silly fetchAndShaCheck shasum 3e1d0552e08d2c7de8fc45e7cb1df3e5a3cc647f
40 verbose addTmpTarball /var/folders/cg/hddpmd050s53ym9ckc_3tnlm0000gn/T/npm-3002-f5183fec/registry.npmjs.org/particle-cli/-/particle-cli-1.8.16.tgz not in flight; adding
41 verbose addTmpTarball already have metadata; skipping unpack for particle-cli@1.8.16
42 silly cache afterAdd particle-cli@1.8.16
43 verbose afterAdd /Users/annelieberner/.npm/particle-cli/1.8.16/package/package.json not in flight; writing
44 verbose afterAdd /Users/annelieberner/.npm/particle-cli/1.8.16/package/package.json written
45 silly install resolved [ { name: 'particle-cli',
45 silly install resolved     description: 'Simple Node commandline application for working with your Particle devices and using the Particle Cloud',
45 silly install resolved     version: '1.8.16',
45 silly install resolved     author: { name: 'David Middlecamp' },
45 silly install resolved     repository:
45 silly install resolved      { type: 'git',
45 silly install resolved        url: 'git+https://github.com/spark/particle-cli.git' },
45 silly install resolved     license: 'LGPL-3.0',
45 silly install resolved     bin: { particle: './bin/particle.js' },
45 silly install resolved     main: './app.js',
45 silly install resolved     engines: { node: '>=0.10.40' },
45 silly install resolved     dependencies:
45 silly install resolved      { chalk: '^1.0.0',
45 silly install resolved        'cli-spinner': '^0.2.1',
45 silly install resolved        'cli-table': '^0.3.1',
45 silly install resolved        'fast-luhn': '^1.0.2',
45 silly install resolved        glob: '^4.2.1',
45 silly install resolved        'hogan.js': '^2.0.0',
45 silly install resolved        inquirer: '^0.8.2',
45 silly install resolved        lodash: '^3.10.1',
45 silly install resolved        moment: '^2.9.0',
45 silly install resolved        'node-wifiscanner2': '^1.1.0',
45 silly install resolved        request: '^2.46.0',
45 silly install resolved        serialport: '^2.0.1',
45 silly install resolved        'softap-setup': '^1.1.4',
45 silly install resolved        when: '^3.7.2',
45 silly install resolved        xtend: '^4.0.0' },
45 silly install resolved     scripts:
45 silly install resolved      { test: 'mocha test/',
45 silly install resolved        lint: 'eslint commands/*.js lib/*.js test/*.js' },
45 silly install resolved     contributors:
45 silly install resolved      [ [Object],
45 silly install resolved        [Object],
45 silly install resolved        [Object],
45 silly install resolved        [Object],
45 silly install resolved        [Object],
45 silly install resolved        [Object],
45 silly install resolved        [Object],
45 silly install resolved        [Object],
45 silly install resolved        [Object] ],
45 silly install resolved     preferGlobal: true,
45 silly install resolved     devDependencies:
45 silly install resolved      { eslint: '^1.1.0',
45 silly install resolved        mocha: '^2.2.5',
45 silly install resolved        proxyquire: '^1.6.0',
45 silly install resolved        should: '^7.0.2',
45 silly install resolved        sinon: '^1.15.4' },
45 silly install resolved     gitHead: '0f58157cd58cdc45e056f5602600fd9202134f14',
45 silly install resolved     bugs: { url: 'https://github.com/spark/particle-cli/issues' },
45 silly install resolved     homepage: 'https://github.com/spark/particle-cli#readme',
45 silly install resolved     _id: 'particle-cli@1.8.16',
45 silly install resolved     _shasum: '3e1d0552e08d2c7de8fc45e7cb1df3e5a3cc647f',
45 silly install resolved     _from: 'particle-cli@*',
45 silly install resolved     _npmVersion: '2.14.6',
45 silly install resolved     _nodeVersion: '0.10.38',
45 silly install resolved     _npmUser: { name: 'brycekahle', email: 'bkahle@gmail.com' },
45 silly install resolved     dist:
45 silly install resolved      { shasum: '3e1d0552e08d2c7de8fc45e7cb1df3e5a3cc647f',
45 silly install resolved        tarball: 'http://registry.npmjs.org/particle-cli/-/particle-cli-1.8.16.tgz' },
45 silly install resolved     maintainers: [ [Object], [Object], [Object] ],
45 silly install resolved     directories: {},
45 silly install resolved     _resolved: 'https://registry.npmjs.org/particle-cli/-/particle-cli-1.8.16.tgz' } ]
46 info install particle-cli@1.8.16 into /usr/local/lib
47 info installOne particle-cli@1.8.16
48 verbose installOne of particle-cli to /usr/local/lib not in flight; installing
49 verbose lock using /Users/annelieberner/.npm/_locks/particle-cli-da5fb63f9622b59a.lock for /usr/local/lib/node_modules/particle-cli
50 silly install write writing particle-cli 1.8.16 to /usr/local/lib/node_modules/particle-cli
51 verbose unbuild lib/node_modules/particle-cli
52 silly gentlyRm /usr/local/lib/node_modules/particle-cli is being purged from base /usr/local
53 verbose gentlyRm don't care about contents; nuking /usr/local/lib/node_modules/particle-cli
54 verbose tar unpack /Users/annelieberner/.npm/particle-cli/1.8.16/package.tgz
55 verbose tar unpacking to /usr/local/lib/node_modules/particle-cli
56 silly gentlyRm /usr/local/lib/node_modules/particle-cli is being purged
57 verbose gentlyRm don't care about contents; nuking /usr/local/lib/node_modules/particle-cli
58 silly gunzTarPerm modes [ '755', '644' ]
59 error tar.unpack untar error /Users/annelieberner/.npm/particle-cli/1.8.16/package.tgz
60 verbose unlock done using /Users/annelieberner/.npm/_locks/particle-cli-da5fb63f9622b59a.lock for /usr/local/lib/node_modules/particle-cli
61 verbose fstream_path /usr/local/lib/node_modules/particle-cli
62 verbose fstream_type Directory
63 verbose fstream_class DirWriter
64 verbose stack Error: EACCES, mkdir '/usr/local/lib/node_modules/particle-cli'
64 verbose stack     at Error (native)
65 verbose fstream_stack /usr/local/lib/node_modules/npm/node_modules/fstream/lib/dir-writer.js:35:25
65 verbose fstream_stack /usr/local/lib/node_modules/npm/node_modules/mkdirp/index.js:47:53
65 verbose fstream_stack FSReqWrap.oncomplete (fs.js:95:15)
66 verbose cwd /Users/annelieberner/Documents/CIID/WIP/techTests/fresh
67 error Darwin 15.0.0
68 error argv "node" "/usr/local/bin/npm" "install" "-g" "particle-cli"
69 error node v0.12.4
70 error npm  v2.10.1
71 error path /usr/local/lib/node_modules/particle-cli
72 error code EACCES
73 error errno -13
74 error Error: EACCES, mkdir '/usr/local/lib/node_modules/particle-cli'
74 error     at Error (native)
74 error  { [Error: EACCES, mkdir '/usr/local/lib/node_modules/particle-cli']
74 error   errno: -13,
74 error   code: 'EACCES',
74 error   path: '/usr/local/lib/node_modules/particle-cli',
74 error   fstream_type: 'Directory',
74 error   fstream_path: '/usr/local/lib/node_modules/particle-cli',
74 error   fstream_class: 'DirWriter',
74 error   fstream_stack:
74 error    [ '/usr/local/lib/node_modules/npm/node_modules/fstream/lib/dir-writer.js:35:25',
74 error      '/usr/local/lib/node_modules/npm/node_modules/mkdirp/index.js:47:53',
74 error      'FSReqWrap.oncomplete (fs.js:95:15)' ] }
75 error Please try running this command again as root/Administrator.
76 verbose exit [ -13, true ]
77 verbose unbuild lib/node_modules/particle-cli
78 silly gentlyRm /usr/local/lib/node_modules/particle-cli is being purged from base /usr/local
79 verbose gentlyRm don't care about contents; nuking /usr/local/lib/node_modules/particle-cli
